<?xml version="1.0" encoding="UTF-8"?>
<robot generator="Robot 3.2.1 (Python 3.6.3 on win32)" generated="20210202 16:18:19.487" rpa="false">
<suite id="s1" name="TC Sulaba" source="C:\Users\aniru\PycharmProjects\RobotFramework_Python\TestCases\TC_Sulaba.robot">
<test id="s1-t1" name="SulabaIshaTest">
<kw name="SmokeTestApp">
<kw name="Open Browser" library="SeleniumLibrary">
<doc>Opens a new browser instance to the optional ``url``.</doc>
<arguments>
<arg>${url}</arg>
<arg>${browser}</arg>
</arguments>
<msg timestamp="20210202 16:18:20.244" level="INFO">Opening browser 'chrome' to base url 'https://purchase.sushumna.isha.in/web/login'.</msg>
<status status="PASS" starttime="20210202 16:18:20.243" endtime="20210202 16:18:32.649"></status>
</kw>
<kw name="Maximize Browser Window" library="SeleniumLibrary">
<doc>Maximizes current browser window.</doc>
<status status="PASS" starttime="20210202 16:18:32.650" endtime="20210202 16:18:34.120"></status>
</kw>
<kw name="Input Text" library="SeleniumLibrary">
<doc>Types the given ``text`` into the text field identified by ``locator``.</doc>
<arguments>
<arg>name:login</arg>
<arg>${Inputvalue_username}</arg>
</arguments>
<msg timestamp="20210202 16:18:34.121" level="INFO">Typing text 'abarajith.sadagopan@ishafoundation.org' into text field 'name:login'.</msg>
<status status="PASS" starttime="20210202 16:18:34.120" endtime="20210202 16:18:34.730"></status>
</kw>
<kw name="Input Text" library="SeleniumLibrary">
<doc>Types the given ``text`` into the text field identified by ``locator``.</doc>
<arguments>
<arg>name:password</arg>
<arg>${Inputvalue_password}</arg>
</arguments>
<msg timestamp="20210202 16:18:34.730" level="INFO">Typing text '123' into text field 'name:password'.</msg>
<status status="PASS" starttime="20210202 16:18:34.730" endtime="20210202 16:18:35.190"></status>
</kw>
<kw name="Click Element" library="SeleniumLibrary">
<doc>Click the element identified by ``locator``.</doc>
<arguments>
<arg>xpath://*[@id="wrapwrap"]/main/div/div[1]/div/div/div/div/form/div[4]/button</arg>
</arguments>
<msg timestamp="20210202 16:18:35.190" level="INFO">Clicking element 'xpath://*[@id="wrapwrap"]/main/div/div[1]/div/div/div/div/form/div[4]/button'.</msg>
<status status="PASS" starttime="20210202 16:18:35.190" endtime="20210202 16:18:40.190"></status>
</kw>
<kw name="Sleep" library="BuiltIn">
<doc>Pauses the test executed for the given time.</doc>
<arguments>
<arg>8</arg>
</arguments>
<msg timestamp="20210202 16:18:48.192" level="INFO">Slept 8 seconds</msg>
<status status="PASS" starttime="20210202 16:18:40.191" endtime="20210202 16:18:48.192"></status>
</kw>
<kw name="Click Element" library="SeleniumLibrary">
<doc>Click the element identified by ``locator``.</doc>
<arguments>
<arg>xpath:/html/body/header/nav/ul[1]/li/a</arg>
</arguments>
<msg timestamp="20210202 16:18:48.193" level="INFO">Clicking element 'xpath:/html/body/header/nav/ul[1]/li/a'.</msg>
<status status="PASS" starttime="20210202 16:18:48.192" endtime="20210202 16:18:48.593"></status>
</kw>
<kw name="Sleep" library="BuiltIn">
<doc>Pauses the test executed for the given time.</doc>
<arguments>
<arg>8</arg>
</arguments>
<msg timestamp="20210202 16:18:56.596" level="INFO">Slept 8 seconds</msg>
<status status="PASS" starttime="20210202 16:18:48.593" endtime="20210202 16:18:56.596"></status>
</kw>
<kw name="Click Element" library="SeleniumLibrary">
<doc>Click the element identified by ``locator``.</doc>
<arguments>
<arg>xpath:/html/body/header/nav/ul[1]/li/div/a[17]</arg>
</arguments>
<msg timestamp="20210202 16:18:56.597" level="INFO">Clicking element 'xpath:/html/body/header/nav/ul[1]/li/div/a[17]'.</msg>
<status status="PASS" starttime="20210202 16:18:56.596" endtime="20210202 16:18:56.766"></status>
</kw>
<kw name="Sleep" library="BuiltIn">
<doc>Pauses the test executed for the given time.</doc>
<arguments>
<arg>8</arg>
</arguments>
<msg timestamp="20210202 16:19:04.768" level="INFO">Slept 8 seconds</msg>
<status status="PASS" starttime="20210202 16:18:56.766" endtime="20210202 16:19:04.768"></status>
</kw>
<kw name="Click Element" library="SeleniumLibrary">
<doc>Click the element identified by ``locator``.</doc>
<arguments>
<arg>xpath:/html/body/div[2]/div/div[1]/div/div[2]/div[1]/div/div/button[3]</arg>
</arguments>
<msg timestamp="20210202 16:19:04.769" level="INFO">Clicking element 'xpath:/html/body/div[2]/div/div[1]/div/div[2]/div[1]/div/div/button[3]'.</msg>
<status status="PASS" starttime="20210202 16:19:04.768" endtime="20210202 16:19:05.104"></status>
</kw>
<kw name="Sleep" library="BuiltIn">
<doc>Pauses the test executed for the given time.</doc>
<arguments>
<arg>8</arg>
</arguments>
<msg timestamp="20210202 16:19:13.106" level="INFO">Slept 8 seconds</msg>
<status status="PASS" starttime="20210202 16:19:05.105" endtime="20210202 16:19:13.106"></status>
</kw>
<kw name="Input Text" library="SeleniumLibrary">
<doc>Types the given ``text`` into the text field identified by ``locator``.</doc>
<arguments>
<arg>xpath://input[@name="name"]</arg>
<arg>${Inputvalue_BudgetName}</arg>
</arguments>
<msg timestamp="20210202 16:19:13.107" level="INFO">Typing text 'TestBudgetAutomation' into text field 'xpath://input[@name="name"]'.</msg>
<status status="PASS" starttime="20210202 16:19:13.106" endtime="20210202 16:19:13.340"></status>
</kw>
<kw name="Sleep" library="BuiltIn">
<doc>Pauses the test executed for the given time.</doc>
<arguments>
<arg>8</arg>
</arguments>
<msg timestamp="20210202 16:19:21.341" level="INFO">Slept 8 seconds</msg>
<status status="PASS" starttime="20210202 16:19:13.340" endtime="20210202 16:19:21.341"></status>
</kw>
<kw name="Set Variable" library="BuiltIn">
<doc>Returns the given values which can then be assigned to a variables.</doc>
<arguments>
<arg>xpath:/html/body/div[2]/div/div[2]/div/div[2]/div[2]/div[2]/table[1]/tbody/tr[3]/td[2]/div/div/input</arg>
</arguments>
<assign>
<var>${xpathToId}</var>
</assign>
<msg timestamp="20210202 16:19:21.342" level="INFO">${xpathToId} = xpath:/html/body/div[2]/div/div[2]/div/div[2]/div[2]/div[2]/table[1]/tbody/tr[3]/td[2]/div/div/input</msg>
<status status="PASS" starttime="20210202 16:19:21.342" endtime="20210202 16:19:21.342"></status>
</kw>
<kw name="Mouse Over" library="SeleniumLibrary">
<doc>Simulates hovering the mouse over the element ``locator``.</doc>
<arguments>
<arg>${xpathToId}</arg>
</arguments>
<msg timestamp="20210202 16:19:21.343" level="INFO">Simulating Mouse Over on element 'xpath:/html/body/div[2]/div/div[2]/div/div[2]/div[2]/div[2]/table[1]/tbody/tr[3]/td[2]/div/div/input'.</msg>
<status status="PASS" starttime="20210202 16:19:21.343" endtime="20210202 16:19:21.792"></status>
</kw>
<kw name="Click Element" library="SeleniumLibrary">
<doc>Click the element identified by ``locator``.</doc>
<arguments>
<arg>xpath:/html/body/div[2]/div/div[2]/div/div[2]/div[2]/div[2]/table[1]/tbody/tr[3]/td[2]/div/button</arg>
</arguments>
<msg timestamp="20210202 16:19:21.792" level="INFO">Clicking element 'xpath:/html/body/div[2]/div/div[2]/div/div[2]/div[2]/div[2]/table[1]/tbody/tr[3]/td[2]/div/button'.</msg>
<status status="PASS" starttime="20210202 16:19:21.792" endtime="20210202 16:19:21.887"></status>
</kw>
<kw name="Mouse Down" library="SeleniumLibrary">
<doc>Simulates pressing the left mouse button on the element ``locator``.</doc>
<arguments>
<arg>xpath=//li[contains(.,'${InputvalueReporting_Department}')]</arg>
</arguments>
<msg timestamp="20210202 16:19:21.888" level="INFO">Simulating Mouse Down on element 'xpath=//li[contains(.,'Accommodations Residential')]'.</msg>
<kw name="Capture Page Screenshot" library="SeleniumLibrary">
<doc>Takes a screenshot of the current page and embeds it into a log file.</doc>
<msg timestamp="20210202 16:19:22.725" level="INFO" html="yes">&lt;/td&gt;&lt;/tr&gt;&lt;tr&gt;&lt;td colspan="3"&gt;&lt;a href="selenium-screenshot-26.png"&gt;&lt;img src="selenium-screenshot-26.png" width="800px"&gt;&lt;/a&gt;</msg>
<status status="PASS" starttime="20210202 16:19:21.983" endtime="20210202 16:19:22.725"></status>
</kw>
<msg timestamp="20210202 16:19:22.778" level="FAIL">JavascriptException: Message: javascript error: Failed to execute 'elementsFromPoint' on 'Document': The provided double value is non-finite.
  (Session info: chrome=88.0.4324.104)
</msg>
<status status="FAIL" starttime="20210202 16:19:21.888" endtime="20210202 16:19:22.778"></status>
</kw>
<status status="FAIL" starttime="20210202 16:18:20.242" endtime="20210202 16:19:22.779"></status>
</kw>
<status status="FAIL" starttime="20210202 16:18:20.237" endtime="20210202 16:19:22.780" critical="yes">JavascriptException: Message: javascript error: Failed to execute 'elementsFromPoint' on 'Document': The provided double value is non-finite.
  (Session info: chrome=88.0.4324.104)
</status>
</test>
<status status="FAIL" starttime="20210202 16:18:19.491" endtime="20210202 16:19:22.783"></status>
</suite>
<statistics>
<total>
<stat pass="0" fail="1">Critical Tests</stat>
<stat pass="0" fail="1">All Tests</stat>
</total>
<tag>
</tag>
<suite>
<stat pass="0" fail="1" id="s1" name="TC Sulaba">TC Sulaba</stat>
</suite>
</statistics>
<errors>
</errors>
</robot>
